c:\users\mick\documents\programming\coursework\winapi\debug\coursework winapi.pch
c:\users\mick\documents\programming\coursework\winapi\debug\vc140.pdb
c:\users\mick\documents\programming\coursework\winapi\debug\vc140.idb
c:\users\mick\documents\programming\coursework\winapi\debug\stdafx.obj
c:\users\mick\documents\programming\coursework\winapi\debug\basedialogwindow.obj
c:\users\mick\documents\programming\coursework\winapi\debug\dpi_scale.obj
c:\users\mick\documents\programming\coursework\winapi\debug\englishtypinglanguage.obj
c:\users\mick\documents\programming\coursework\winapi\debug\gamestatisticsdialog.obj
c:\users\mick\documents\programming\coursework\winapi\debug\keyboarddialog.obj
c:\users\mick\documents\programming\coursework\winapi\debug\level.obj
c:\users\mick\documents\programming\coursework\winapi\debug\localizationobject.obj
c:\users\mick\documents\programming\coursework\winapi\debug\main.obj
c:\users\mick\documents\programming\coursework\winapi\debug\maindialog.obj
c:\users\mick\documents\programming\coursework\winapi\debug\russiantypinglanguage.obj
c:\users\mick\documents\programming\coursework\winapi\debug\textdialog.obj
c:\users\mick\documents\programming\coursework\winapi\debug\thread.obj
c:\users\mick\documents\programming\coursework\winapi\debug\typebuttoninfo.obj
c:\users\mick\documents\programming\coursework\winapi\debug\basetypinglanguage.obj
c:\users\mick\documents\programming\coursework\winapi\debug\user.obj
c:\users\mick\documents\programming\coursework\winapi\debug\userlogindialog.obj
c:\users\mick\documents\programming\coursework\winapi\debug\usermanagement.obj
c:\users\mick\documents\programming\coursework\winapi\debug\coursework winapi.ilk
c:\users\mick\documents\programming\coursework\winapi\debug\coursework winapi.exe
c:\users\mick\documents\programming\coursework\winapi\debug\coursework winapi.pdb
c:\users\mick\documents\programming\coursework\winapi\debug\coursework winapi.exe.embed.manifest.res
c:\users\mick\documents\programming\coursework\winapi\debug\coursework winapi.res
c:\users\mick\documents\programming\coursework\winapi\debug\coursework winapi.exe.embed.manifest
c:\users\mick\documents\programming\coursework\winapi\debug\coursework winapi_manifest.rc
c:\users\mick\documents\programming\coursework\winapi\debug\coursewo.6751ac90.tlog\cl.command.1.tlog
c:\users\mick\documents\programming\coursework\winapi\debug\coursewo.6751ac90.tlog\cl.read.1.tlog
c:\users\mick\documents\programming\coursework\winapi\debug\coursewo.6751ac90.tlog\cl.write.1.tlog
c:\users\mick\documents\programming\coursework\winapi\debug\coursewo.6751ac90.tlog\link.command.1.tlog
c:\users\mick\documents\programming\coursework\winapi\debug\coursewo.6751ac90.tlog\link.read.1.tlog
c:\users\mick\documents\programming\coursework\winapi\debug\coursewo.6751ac90.tlog\link.write.1.tlog
c:\users\mick\documents\programming\coursework\winapi\debug\coursewo.6751ac90.tlog\rc.command.1.tlog
c:\users\mick\documents\programming\coursework\winapi\debug\coursewo.6751ac90.tlog\rc.read.1.tlog
c:\users\mick\documents\programming\coursework\winapi\debug\coursewo.6751ac90.tlog\rc.write.1.tlog
